#
# A fatal error has been detected by the Java Runtime Environment:
#
#  Internal Error (javaCalls.cpp:51), pid=15344, tid=0x00000000000022bc
#  guarantee(thread->is_Java_thread()) failed: crucial check - the VM thread cannot and must not escape to Java code
#
# JRE version: Java(TM) SE Runtime Environment (8.0_201-b09) (build 1.8.0_201-b09)
# Java VM: Java HotSpot(TM) 64-Bit Server VM (25.201-b09 mixed mode windows-amd64 compressed oops)
# Failed to write core dump. Minidumps are not enabled by default on client versions of Windows
#
# If you would like to submit a bug report, please visit:
#   http://bugreport.java.com/bugreport/crash.jsp
#

---------------  T H R E A D  ---------------

Current thread (0x0000000017a35800):  VMThread [stack: 0x0000000019710000,0x0000000019810000] [id=8892]

Stack: [0x0000000019710000,0x0000000019810000]
[error occurred during error reporting (printing stack bounds), id 0xc0000005]

Native frames: (J=compiled Java code, j=interpreted, Vv=VM code, C=native code)

VM_Operation (0x000000001a2cef50): GetOrSetLocal, mode: safepoint, requested by thread 0x00000000198b6000


---------------  P R O C E S S  ---------------

Java Threads: ( => current thread )
  0x000000001e4af800 JavaThread "HikariPool-3 housekeeper" daemon [_thread_blocked, id=6484, stack(0x0000000000750000,0x0000000000850000)]
  0x000000001e4ac000 JavaThread "http-nio-8888-Acceptor" daemon [_thread_in_native, id=13168, stack(0x00000000232f0000,0x00000000233f0000)]
  0x000000001e4ac800 JavaThread "http-nio-8888-ClientPoller" daemon [_thread_blocked, id=6600, stack(0x00000000230f0000,0x00000000231f0000)]
  0x000000001e4b0800 JavaThread "http-nio-8888-exec-10" daemon [_thread_blocked, id=5208, stack(0x0000000022ff0000,0x00000000230f0000)]
  0x000000001e4ae000 JavaThread "http-nio-8888-exec-9" daemon [_thread_blocked, id=3308, stack(0x0000000022ef0000,0x0000000022ff0000)]
  0x000000001e4ad800 JavaThread "http-nio-8888-exec-8" daemon [_thread_blocked, id=10704, stack(0x0000000022df0000,0x0000000022ef0000)]
  0x000000001a796000 JavaThread "http-nio-8888-exec-7" daemon [_thread_blocked, id=13304, stack(0x0000000022cf0000,0x0000000022df0000)]
  0x000000001a795800 JavaThread "http-nio-8888-exec-6" daemon [_thread_blocked, id=13936, stack(0x0000000022bf0000,0x0000000022cf0000)]
  0x000000001a79b800 JavaThread "http-nio-8888-exec-5" daemon [_thread_blocked, id=17188, stack(0x0000000022af0000,0x0000000022bf0000)]
  0x000000001a79a000 JavaThread "http-nio-8888-exec-4" daemon [_thread_blocked, id=15004, stack(0x00000000229f0000,0x0000000022af0000)]
  0x000000001a797000 JavaThread "http-nio-8888-exec-3" daemon [_thread_blocked, id=1464, stack(0x00000000228f0000,0x00000000229f0000)]
  0x000000001a79c000 JavaThread "http-nio-8888-exec-2" daemon [_thread_blocked, id=11080, stack(0x00000000217e0000,0x00000000218e0000)]
  0x000000001a78d800 JavaThread "http-nio-8888-exec-1" daemon [_thread_blocked, id=10524, stack(0x00000000214e0000,0x00000000215e0000)]
  0x000000001a794800 JavaThread "http-nio-8888-BlockPoller" daemon [_thread_blocked, id=12840, stack(0x0000000020fe0000,0x00000000210e0000)]
  0x000000001a78d000 JavaThread "pool-3-thread-1" [_thread_blocked, id=9444, stack(0x000000001fed0000,0x000000001ffd0000)]
  0x000000001a797800 JavaThread "lettuce-eventExecutorLoop-8-3" daemon [_thread_blocked, id=13064, stack(0x00000000212e0000,0x00000000213e0000)]
  0x000000001a799000 JavaThread "lettuce-eventExecutorLoop-8-2" daemon [_thread_blocked, id=5072, stack(0x00000000211e0000,0x00000000212e0000)]
  0x000000001a79a800 JavaThread "lettuce-nioEventLoop-10-2" daemon [_thread_in_native, id=10408, stack(0x00000000210e0000,0x00000000211e0000)]
  0x000000001a794000 JavaThread "File Watcher" daemon [_thread_blocked, id=4060, stack(0x000000001f3d0000,0x000000001f4d0000)]
  0x000000001a792800 JavaThread "lettuce-eventExecutorLoop-8-1" daemon [_thread_blocked, id=11272, stack(0x000000001f2d0000,0x000000001f3d0000)]
  0x000000001a793000 JavaThread "lettuce-nioEventLoop-10-1" daemon [_thread_in_native, id=13212, stack(0x000000001f1d0000,0x000000001f2d0000)]
  0x000000001a790000 JavaThread "container-0" [_thread_blocked, id=15820, stack(0x000000001c700000,0x000000001c800000)]
  0x000000001a791800 JavaThread "Catalina-utility-2" [_thread_blocked, id=4764, stack(0x0000000000850000,0x0000000000950000)]
  0x000000001a791000 JavaThread "Catalina-utility-1" [_thread_blocked, id=13632, stack(0x0000000000650000,0x0000000000750000)]
  0x000000001a798800 JavaThread "DestroyJavaVM" [_thread_blocked, id=17268, stack(0x0000000002650000,0x0000000002750000)]
  0x000000001a624000 JavaThread "Live Reload Server" daemon [_thread_in_native, id=17348, stack(0x00000000213e0000,0x00000000214e0000)]
  0x0000000019a64000 JavaThread "mysql-cj-abandoned-connection-cleanup" daemon [_thread_blocked, id=17244, stack(0x000000001f4d0000,0x000000001f5d0000)]
  0x000000001be85800 JavaThread "RMI Scheduler(0)" daemon [_thread_blocked, id=11252, stack(0x000000001d600000,0x000000001d700000)]
  0x000000001a95a800 JavaThread "RMI TCP Accept-0" daemon [_thread_in_native, id=3004, stack(0x000000001b280000,0x000000001b380000)]
  0x000000001a6e1000 JavaThread "Service Thread" daemon [_thread_blocked, id=1216, stack(0x000000001b0d0000,0x000000001b1d0000)]
  0x000000001a625800 JavaThread "C1 CompilerThread3" daemon [_thread_blocked, id=3992, stack(0x000000001afd0000,0x000000001b0d0000)]
  0x000000001a622800 JavaThread "C2 CompilerThread2" daemon [_thread_blocked, id=12636, stack(0x000000001aed0000,0x000000001afd0000)]
  0x000000001a628800 JavaThread "C2 CompilerThread1" daemon [_thread_blocked, id=10736, stack(0x000000001add0000,0x000000001aed0000)]
  0x000000001a567000 JavaThread "C2 CompilerThread0" daemon [_thread_blocked, id=14664, stack(0x000000001acd0000,0x000000001add0000)]
  0x00000000198c7800 JavaThread "JDWP Command Reader" daemon [_thread_in_native, id=15384, stack(0x000000001a3d0000,0x000000001a4d0000)]
  0x00000000198c3800 JavaThread "JDWP Event Helper Thread" daemon [_thread_blocked, id=16876, stack(0x000000001a2d0000,0x000000001a3d0000)]
  0x00000000198b6000 JavaThread "JDWP Transport Listener: dt_socket" daemon [_thread_blocked, id=1692, stack(0x000000001a1d0000,0x000000001a2d0000)]
  0x00000000198a5000 JavaThread "Attach Listener" daemon [_thread_blocked, id=9776, stack(0x0000000019f10000,0x000000001a010000)]
  0x00000000198a4000 JavaThread "Signal Dispatcher" daemon [_thread_blocked, id=13992, stack(0x0000000019e10000,0x0000000019f10000)]
  0x0000000019831000 JavaThread "Finalizer" daemon [_thread_blocked, id=13896, stack(0x0000000019d10000,0x0000000019e10000)]
  0x0000000017a3d800 JavaThread "Reference Handler" daemon [_thread_blocked, id=16364, stack(0x0000000019c10000,0x0000000019d10000)]

Other Threads:
=>0x0000000017a35800 VMThread [stack: 0x0000000019710000,0x0000000019810000] [id=8892]
  0x000000001a96a800 WatcherThread [stack: 0x000000001b380000,0x000000001b480000] [id=14276]

VM state:at safepoint (normal execution)

VM Mutex/Monitor currently owned by a thread:  ([mutex/lock_event])
[0x0000000002754f60] Threads_lock - owner thread: 0x0000000017a35800

heap address: 0x0000000081400000, size: 2028 MB, Compressed Oops mode: 32-bit
Narrow klass base: 0x0000000000000000, Narrow klass shift: 3
Compressed class space size: 1073741824 Address: 0x0000000100000000

Heap:
 PSYoungGen      total 244224K, used 205808K [0x00000000d5c00000, 0x00000000e5b00000, 0x0000000100000000)
  eden space 228352K, 90% used [0x00000000d5c00000,0x00000000e24fc390,0x00000000e3b00000)
  from space 15872K, 0% used [0x00000000e4b80000,0x00000000e4b80000,0x00000000e5b00000)
  to   space 16384K, 0% used [0x00000000e3b00000,0x00000000e3b00000,0x00000000e4b00000)
 ParOldGen       total 82944K, used 21842K [0x0000000081400000, 0x0000000086500000, 0x00000000d5c00000)
  object space 82944K, 26% used [0x0000000081400000,0x0000000082954bc0,0x0000000086500000)
 Metaspace       used 52372K, capacity 55582K, committed 55936K, reserved 1097728K
  class space    used 6855K, capacity 7446K, committed 7552K, reserved 1048576K

Card table byte_map: [0x0000000011e40000,0x0000000012240000] byte_map_base: 0x0000000011a36000

Marking Bits: (ParMarkBitMap*) 0x0000000076824ce0
 Begin Bits: [0x0000000012cf0000, 0x0000000014ca0000)
 End Bits:   [0x0000000014ca0000, 0x0000000016c50000)

Polling page: 0x0000000002620000

CodeCache: size=245760Kb used=13487Kb max_used=13487Kb free=232273Kb
 bounds [0x0000000002a80000, 0x00000000037b0000, 0x0000000011a80000]
 total_blobs=7377 nmethods=6806 adapters=489
 compilation: enabled

Compilation events (10 events):
Event: 1121.594 Thread 0x000000001a625800 6928       1       com.fasterxml.jackson.databind.DatabindContext::<init> (5 bytes)
Event: 1121.594 Thread 0x000000001a625800 nmethod 6928 0x00000000037ac5d0 code [0x00000000037ac720, 0x00000000037ac830]
Event: 1129.182 Thread 0x000000001a625800 6929       1       java.util.concurrent.locks.AbstractQueuedSynchronizer$ConditionObject::unlinkCancelledWaiters (67 bytes)
Event: 1129.182 Thread 0x000000001a625800 nmethod 6929 0x00000000037ac890 code [0x00000000037ac9e0, 0x00000000037acbd0]
Event: 1130.440 Thread 0x000000001a625800 6930  s    1       org.springframework.beans.PropertyValue::isConverted (5 bytes)
Event: 1130.440 Thread 0x000000001a625800 nmethod 6930 0x00000000037acc90 code [0x00000000037acde0, 0x00000000037ad050]
Event: 1130.441 Thread 0x000000001a625800 6931       1       java.text.DateFormatSymbols::getProviderInstance (37 bytes)
Event: 1130.441 Thread 0x000000001a625800 nmethod 6931 0x00000000037ad0d0 code [0x00000000037ad260, 0x00000000037ad468]
Event: 1130.442 Thread 0x000000001a625800 6932       1       sun.util.locale.provider.DateFormatSymbolsProviderImpl::getInstance (21 bytes)
Event: 1130.442 Thread 0x000000001a625800 nmethod 6932 0x00000000037ad590 code [0x00000000037ad700, 0x00000000037ad958]

GC Heap History (10 events):
Event: 118.592 GC heap before
{Heap before GC invocations=12 (full 2):
 PSYoungGen      total 199168K, used 199161K [0x00000000d5c00000, 0x00000000e5f80000, 0x0000000100000000)
  eden space 186880K, 100% used [0x00000000d5c00000,0x00000000e1280000,0x00000000e1280000)
  from space 12288K, 99% used [0x00000000e1280000,0x00000000e1e7e600,0x00000000e1e80000)
  to   space 14848K, 0% used [0x00000000e5100000,0x00000000e5100000,0x00000000e5f80000)
 ParOldGen       total 82944K, used 17327K [0x0000000081400000, 0x0000000086500000, 0x00000000d5c00000)
  object space 82944K, 20% used [0x0000000081400000,0x00000000824ebc38,0x0000000086500000)
 Metaspace       used 49504K, capacity 52304K, committed 52608K, reserved 1095680K
  class space    used 6524K, capacity 7039K, committed 7040K, reserved 1048576K
Event: 118.605 GC heap after
Heap after GC invocations=12 (full 2):
 PSYoungGen      total 242176K, used 13643K [0x00000000d5c00000, 0x00000000e5e80000, 0x0000000100000000)
  eden space 228352K, 0% used [0x00000000d5c00000,0x00000000d5c00000,0x00000000e3b00000)
  from space 13824K, 98% used [0x00000000e5100000,0x00000000e5e52f70,0x00000000e5e80000)
  to   space 16384K, 0% used [0x00000000e3e80000,0x00000000e3e80000,0x00000000e4e80000)
 ParOldGen       total 82944K, used 17335K [0x0000000081400000, 0x0000000086500000, 0x00000000d5c00000)
  object space 82944K, 20% used [0x0000000081400000,0x00000000824edc38,0x0000000086500000)
 Metaspace       used 49504K, capacity 52304K, committed 52608K, reserved 1095680K
  class space    used 6524K, capacity 7039K, committed 7040K, reserved 1048576K
}
Event: 450.691 GC heap before
{Heap before GC invocations=13 (full 2):
 PSYoungGen      total 242176K, used 127454K [0x00000000d5c00000, 0x00000000e5e80000, 0x0000000100000000)
  eden space 228352K, 49% used [0x00000000d5c00000,0x00000000dcb24c08,0x00000000e3b00000)
  from space 13824K, 98% used [0x00000000e5100000,0x00000000e5e52f70,0x00000000e5e80000)
  to   space 16384K, 0% used [0x00000000e3e80000,0x00000000e3e80000,0x00000000e4e80000)
 ParOldGen       total 82944K, used 17335K [0x0000000081400000, 0x0000000086500000, 0x00000000d5c00000)
  object space 82944K, 20% used [0x0000000081400000,0x00000000824edc38,0x0000000086500000)
 Metaspace       used 51519K, capacity 54514K, committed 54784K, reserved 1097728K
  class space    used 6766K, capacity 7325K, committed 7424K, reserved 1048576K
Event: 450.707 GC heap after
Heap after GC invocations=13 (full 2):
 PSYoungGen      total 240128K, used 11654K [0x00000000d5c00000, 0x00000000e5c00000, 0x0000000100000000)
  eden space 228352K, 0% used [0x00000000d5c00000,0x00000000d5c00000,0x00000000e3b00000)
  from space 11776K, 98% used [0x00000000e3e80000,0x00000000e49e1af8,0x00000000e4a00000)
  to   space 16896K, 0% used [0x00000000e4b80000,0x00000000e4b80000,0x00000000e5c00000)
 ParOldGen       total 82944K, used 17343K [0x0000000081400000, 0x0000000086500000, 0x00000000d5c00000)
  object space 82944K, 20% used [0x0000000081400000,0x00000000824efc38,0x0000000086500000)
 Metaspace       used 51519K, capacity 54514K, committed 54784K, reserved 1097728K
  class space    used 6766K, capacity 7325K, committed 7424K, reserved 1048576K
}
Event: 450.707 GC heap before
{Heap before GC invocations=14 (full 3):
 PSYoungGen      total 240128K, used 11654K [0x00000000d5c00000, 0x00000000e5c00000, 0x0000000100000000)
  eden space 228352K, 0% used [0x00000000d5c00000,0x00000000d5c00000,0x00000000e3b00000)
  from space 11776K, 98% used [0x00000000e3e80000,0x00000000e49e1af8,0x00000000e4a00000)
  to   space 16896K, 0% used [0x00000000e4b80000,0x00000000e4b80000,0x00000000e5c00000)
 ParOldGen       total 82944K, used 17343K [0x0000000081400000, 0x0000000086500000, 0x00000000d5c00000)
  object space 82944K, 20% used [0x0000000081400000,0x00000000824efc38,0x0000000086500000)
 Metaspace       used 51519K, capacity 54514K, committed 54784K, reserved 1097728K
  class space    used 6766K, capacity 7325K, committed 7424K, reserved 1048576K
Event: 450.896 GC heap after
Heap after GC invocations=14 (full 3):
 PSYoungGen      total 240128K, used 0K [0x00000000d5c00000, 0x00000000e5c00000, 0x0000000100000000)
  eden space 228352K, 0% used [0x00000000d5c00000,0x00000000d5c00000,0x00000000e3b00000)
  from space 11776K, 0% used [0x00000000e3e80000,0x00000000e3e80000,0x00000000e4a00000)
  to   space 16896K, 0% used [0x00000000e4b80000,0x00000000e4b80000,0x00000000e5c00000)
 ParOldGen       total 82944K, used 21113K [0x0000000081400000, 0x0000000086500000, 0x00000000d5c00000)
  object space 82944K, 25% used [0x0000000081400000,0x000000008289e780,0x0000000086500000)
 Metaspace       used 51512K, capacity 54490K, committed 54784K, reserved 1097728K
  class space    used 6763K, capacity 7321K, committed 7424K, reserved 1048576K
}
Event: 1088.170 GC heap before
{Heap before GC invocations=15 (full 3):
 PSYoungGen      total 240128K, used 222126K [0x00000000d5c00000, 0x00000000e5c00000, 0x0000000100000000)
  eden space 228352K, 97% used [0x00000000d5c00000,0x00000000e34ebbc8,0x00000000e3b00000)
  from space 11776K, 0% used [0x00000000e3e80000,0x00000000e3e80000,0x00000000e4a00000)
  to   space 16896K, 0% used [0x00000000e4b80000,0x00000000e4b80000,0x00000000e5c00000)
 ParOldGen       total 82944K, used 21113K [0x0000000081400000, 0x0000000086500000, 0x00000000d5c00000)
  object space 82944K, 25% used [0x0000000081400000,0x000000008289e780,0x0000000086500000)
 Metaspace       used 52022K, capacity 55148K, committed 55296K, reserved 1097728K
  class space    used 6817K, capacity 7387K, committed 7424K, reserved 1048576K
Event: 1088.184 GC heap after
Heap after GC invocations=15 (full 3):
 PSYoungGen      total 244224K, used 5802K [0x00000000d5c00000, 0x00000000e5b00000, 0x0000000100000000)
  eden space 228352K, 0% used [0x00000000d5c00000,0x00000000d5c00000,0x00000000e3b00000)
  from space 15872K, 36% used [0x00000000e4b80000,0x00000000e512a840,0x00000000e5b00000)
  to   space 16384K, 0% used [0x00000000e3b00000,0x00000000e3b00000,0x00000000e4b00000)
 ParOldGen       total 82944K, used 21121K [0x0000000081400000, 0x0000000086500000, 0x00000000d5c00000)
  object space 82944K, 25% used [0x0000000081400000,0x00000000828a0780,0x0000000086500000)
 Metaspace       used 52022K, capacity 55148K, committed 55296K, reserved 1097728K
  class space    used 6817K, capacity 7387K, committed 7424K, reserved 1048576K
}
Event: 1088.184 GC heap before
{Heap before GC invocations=16 (full 4):
 PSYoungGen      total 244224K, used 5802K [0x00000000d5c00000, 0x00000000e5b00000, 0x0000000100000000)
  eden space 228352K, 0% used [0x00000000d5c00000,0x00000000d5c00000,0x00000000e3b00000)
  from space 15872K, 36% used [0x00000000e4b80000,0x00000000e512a840,0x00000000e5b00000)
  to   space 16384K, 0% used [0x00000000e3b00000,0x00000000e3b00000,0x00000000e4b00000)
 ParOldGen       total 82944K, used 21121K [0x0000000081400000, 0x0000000086500000, 0x00000000d5c00000)
  object space 82944K, 25% used [0x0000000081400000,0x00000000828a0780,0x0000000086500000)
 Metaspace       used 52022K, capacity 55148K, committed 55296K, reserved 1097728K
  class space    used 6817K, capacity 7387K, committed 7424K, reserved 1048576K
Event: 1088.411 GC heap after
Heap after GC invocations=16 (full 4):
 PSYoungGen      total 244224K, used 0K [0x00000000d5c00000, 0x00000000e5b00000, 0x0000000100000000)
  eden space 228352K, 0% used [0x00000000d5c00000,0x00000000d5c00000,0x00000000e3b00000)
  from space 15872K, 0% used [0x00000000e4b80000,0x00000000e4b80000,0x00000000e5b00000)
  to   space 16384K, 0% used [0x00000000e3b00000,0x00000000e3b00000,0x00000000e4b00000)
 ParOldGen       total 82944K, used 21842K [0x0000000081400000, 0x0000000086500000, 0x00000000d5c00000)
  object space 82944K, 26% used [0x0000000081400000,0x0000000082954bc0,0x0000000086500000)
 Metaspace       used 52022K, capacity 55148K, committed 55296K, reserved 1097728K
  class space    used 6817K, capacity 7387K, committed 7424K, reserved 1048576K
}

Deoptimization events (0 events):
No events

Classes redefined (10 events):
Event: 1007.872 Thread 0x0000000017a35800 redefined class name=com.sxx.service.impl.UserServiceImpl, count=2
Event: 1007.927 Thread 0x0000000017a35800 redefined class name=com.sxx.service.impl.UserServiceImpl, count=1
Event: 1069.280 Thread 0x0000000017a35800 redefined class name=com.sxx.service.impl.UserServiceImpl, count=3
Event: 1069.311 Thread 0x0000000017a35800 redefined class name=com.sxx.service.impl.UserServiceImpl, count=2
Event: 1215.158 Thread 0x0000000017a35800 redefined class name=com.sxx.service.impl.UserServiceImpl, count=4
Event: 1215.193 Thread 0x0000000017a35800 redefined class name=com.sxx.service.impl.UserServiceImpl, count=3
Event: 1215.229 Thread 0x0000000017a35800 redefined class name=com.sxx.service.impl.UserServiceImpl, count=1
Event: 1269.774 Thread 0x0000000017a35800 redefined class name=com.sxx.service.impl.UserServiceImpl, count=5
Event: 1269.808 Thread 0x0000000017a35800 redefined class name=com.sxx.service.impl.UserServiceImpl, count=4
Event: 1269.846 Thread 0x0000000017a35800 redefined class name=com.sxx.service.impl.UserServiceImpl, count=2

Internal exceptions (10 events):
Event: 1103.428 Thread 0x000000001e4b0800 Exception <a 'java/lang/ArrayIndexOutOfBoundsException'> (0x00000000dfa8dca8) thrown at [C:\re\workspace\8-2-build-windows-amd64-cygwin\jdk8u201\12322\hotspot\src\share\vm\runtime\sharedRuntime.cpp, line 605]
Event: 1103.436 Thread 0x000000001e4b0800 Exception <a 'java/lang/ArrayIndexOutOfBoundsException'> (0x00000000dfaad8e8) thrown at [C:\re\workspace\8-2-build-windows-amd64-cygwin\jdk8u201\12322\hotspot\src\share\vm\runtime\sharedRuntime.cpp, line 605]
Event: 1103.437 Thread 0x000000001e4b0800 Exception <a 'java/lang/ArrayIndexOutOfBoundsException'> (0x00000000dfab1fb8) thrown at [C:\re\workspace\8-2-build-windows-amd64-cygwin\jdk8u201\12322\hotspot\src\share\vm\runtime\sharedRuntime.cpp, line 605]
Event: 1103.437 Thread 0x000000001e4b0800 Exception <a 'java/lang/ArrayIndexOutOfBoundsException'> (0x00000000dfab37d8) thrown at [C:\re\workspace\8-2-build-windows-amd64-cygwin\jdk8u201\12322\hotspot\src\share\vm\runtime\sharedRuntime.cpp, line 605]
Event: 1103.438 Thread 0x000000001e4b0800 Exception <a 'java/lang/ArrayIndexOutOfBoundsException'> (0x00000000dfab4d98) thrown at [C:\re\workspace\8-2-build-windows-amd64-cygwin\jdk8u201\12322\hotspot\src\share\vm\runtime\sharedRuntime.cpp, line 605]
Event: 1103.438 Thread 0x000000001e4b0800 Exception <a 'java/lang/ArrayIndexOutOfBoundsException'> (0x00000000dfab5f78) thrown at [C:\re\workspace\8-2-build-windows-amd64-cygwin\jdk8u201\12322\hotspot\src\share\vm\runtime\sharedRuntime.cpp, line 605]
Event: 1103.439 Thread 0x000000001e4b0800 Exception <a 'java/lang/ArrayIndexOutOfBoundsException'> (0x00000000dfac4558) thrown at [C:\re\workspace\8-2-build-windows-amd64-cygwin\jdk8u201\12322\hotspot\src\share\vm\runtime\sharedRuntime.cpp, line 605]
Event: 1103.439 Thread 0x000000001e4b0800 Exception <a 'java/lang/ArrayIndexOutOfBoundsException'> (0x00000000dfac5bd0) thrown at [C:\re\workspace\8-2-build-windows-amd64-cygwin\jdk8u201\12322\hotspot\src\share\vm\runtime\sharedRuntime.cpp, line 605]
Event: 1103.439 Thread 0x000000001e4b0800 Exception <a 'java/lang/ArrayIndexOutOfBoundsException'> (0x00000000dfac7070) thrown at [C:\re\workspace\8-2-build-windows-amd64-cygwin\jdk8u201\12322\hotspot\src\share\vm\runtime\sharedRuntime.cpp, line 605]
Event: 1103.439 Thread 0x000000001e4b0800 Exception <a 'java/lang/ArrayIndexOutOfBoundsException'> (0x00000000dfac81a8) thrown at [C:\re\workspace\8-2-build-windows-amd64-cygwin\jdk8u201\12322\hotspot\src\share\vm\runtime\sharedRuntime.cpp, line 605]

Events (10 events):
Event: 1269.912 Executing VM operation: ChangeBreakpoints done
Event: 1269.915 Executing VM operation: ChangeBreakpoints
Event: 1269.917 Executing VM operation: ChangeBreakpoints done
Event: 1269.921 Executing VM operation: ChangeBreakpoints
Event: 1269.922 Executing VM operation: ChangeBreakpoints done
Event: 1269.934 Executing VM operation: ChangeBreakpoints
Event: 1269.937 Executing VM operation: ChangeBreakpoints done
Event: 1269.941 Executing VM operation: GetOrSetLocal
Event: 1269.941 Executing VM operation: GetOrSetLocal done
Event: 1269.952 Executing VM operation: GetOrSetLocal


Dynamic libraries:
0x00007ff6245c0000 - 0x00007ff6245f7000 	D:\Program Files (x86)\Java\jdk1.8.0_201\bin\java.exe
0x00007ffc08be0000 - 0x00007ffc08dd0000 	C:\WINDOWS\SYSTEM32\ntdll.dll
0x00007ffc07cf0000 - 0x00007ffc07da2000 	C:\WINDOWS\System32\KERNEL32.DLL
0x00007ffc05f40000 - 0x00007ffc061e3000 	C:\WINDOWS\System32\KERNELBASE.dll
0x00007ffc08760000 - 0x00007ffc08803000 	C:\WINDOWS\System32\ADVAPI32.dll
0x00007ffc07c50000 - 0x00007ffc07cee000 	C:\WINDOWS\System32\msvcrt.dll
0x00007ffc07bb0000 - 0x00007ffc07c47000 	C:\WINDOWS\System32\sechost.dll
0x00007ffc07320000 - 0x00007ffc07440000 	C:\WINDOWS\System32\RPCRT4.dll
0x00007ffc07180000 - 0x00007ffc07314000 	C:\WINDOWS\System32\USER32.dll
0x00007ffc061f0000 - 0x00007ffc06211000 	C:\WINDOWS\System32\win32u.dll
0x00007ffc089b0000 - 0x00007ffc089d6000 	C:\WINDOWS\System32\GDI32.dll
0x00007ffc05b70000 - 0x00007ffc05d04000 	C:\WINDOWS\System32\gdi32full.dll
0x00007ffc06220000 - 0x00007ffc062be000 	C:\WINDOWS\System32\msvcp_win.dll
0x00007ffc06340000 - 0x00007ffc0643a000 	C:\WINDOWS\System32\ucrtbase.dll
0x00007ffbf4570000 - 0x00007ffbf47f5000 	C:\WINDOWS\WinSxS\amd64_microsoft.windows.common-controls_6595b64144ccf1df_6.0.18362.778_none_e6c6b761130d4fb8\COMCTL32.dll
0x00007ffc06c90000 - 0x00007ffc06fc6000 	C:\WINDOWS\System32\combase.dll
0x00007ffc06490000 - 0x00007ffc06510000 	C:\WINDOWS\System32\bcryptPrimitives.dll
0x00007ffc07980000 - 0x00007ffc079ae000 	C:\WINDOWS\System32\IMM32.DLL
0x00000000776b0000 - 0x0000000077781000 	D:\Program Files (x86)\Java\jdk1.8.0_201\jre\bin\msvcr100.dll
0x0000000076000000 - 0x00000000768a4000 	D:\Program Files (x86)\Java\jdk1.8.0_201\jre\bin\server\jvm.dll
0x00007ffc07e30000 - 0x00007ffc07e38000 	C:\WINDOWS\System32\PSAPI.DLL
0x00007ffbfdaa0000 - 0x00007ffbfdaaa000 	C:\WINDOWS\SYSTEM32\VERSION.dll
0x00007ffbfc900000 - 0x00007ffbfc924000 	C:\WINDOWS\SYSTEM32\WINMM.dll
0x00007ffbfc6c0000 - 0x00007ffbfc6ed000 	C:\WINDOWS\SYSTEM32\winmmbase.dll
0x00007ffbf97a0000 - 0x00007ffbf97a9000 	C:\WINDOWS\SYSTEM32\WSOCK32.dll
0x00007ffc07b40000 - 0x00007ffc07baf000 	C:\WINDOWS\System32\WS2_32.dll
0x00007ffc06440000 - 0x00007ffc0648a000 	C:\WINDOWS\System32\cfgmgr32.dll
0x00007ffbff170000 - 0x00007ffbff17f000 	D:\Program Files (x86)\Java\jdk1.8.0_201\jre\bin\verify.dll
0x00007ffbe8d90000 - 0x00007ffbe8db9000 	D:\Program Files (x86)\Java\jdk1.8.0_201\jre\bin\java.dll
0x00007ffbf2820000 - 0x00007ffbf2855000 	D:\Program Files (x86)\Java\jdk1.8.0_201\jre\bin\jdwp.dll
0x00007ffbff150000 - 0x00007ffbff158000 	D:\Program Files (x86)\Java\jdk1.8.0_201\jre\bin\npt.dll
0x00007ffbe8b40000 - 0x00007ffbe8b63000 	D:\Program Files (x86)\Java\jdk1.8.0_201\jre\bin\instrument.dll
0x00007ffbfae70000 - 0x00007ffbfae86000 	D:\Program Files (x86)\Java\jdk1.8.0_201\jre\bin\zip.dll
0x00007ffc08070000 - 0x00007ffc08755000 	C:\WINDOWS\System32\SHELL32.dll
0x00007ffc070d0000 - 0x00007ffc07179000 	C:\WINDOWS\System32\shcore.dll
0x00007ffc06510000 - 0x00007ffc06c90000 	C:\WINDOWS\System32\windows.storage.dll
0x00007ffc05ad0000 - 0x00007ffc05af3000 	C:\WINDOWS\System32\profapi.dll
0x00007ffc05b20000 - 0x00007ffc05b6a000 	C:\WINDOWS\System32\powrprof.dll
0x00007ffc05aa0000 - 0x00007ffc05ab0000 	C:\WINDOWS\System32\UMPDC.dll
0x00007ffc07050000 - 0x00007ffc070a2000 	C:\WINDOWS\System32\shlwapi.dll
0x00007ffc05ab0000 - 0x00007ffc05ac1000 	C:\WINDOWS\System32\kernel.appcore.dll
0x00007ffc062c0000 - 0x00007ffc062d7000 	C:\WINDOWS\System32\cryptsp.dll
0x00007ffbff140000 - 0x00007ffbff149000 	D:\Program Files (x86)\Java\jdk1.8.0_201\jre\bin\dt_socket.dll
0x00007ffbfba60000 - 0x00007ffbfbbdb000 	C:\Program Files (x86)\Sangfor\SSL\ClientComponent\SangforTcpX64.dll
0x00007ffc07f10000 - 0x00007ffc08067000 	C:\WINDOWS\System32\ole32.dll
0x00007ffc078b0000 - 0x00007ffc07974000 	C:\WINDOWS\System32\OLEAUT32.dll
0x00007ffc062e0000 - 0x00007ffc0633c000 	C:\WINDOWS\System32\WINTRUST.dll
0x00007ffc05b00000 - 0x00007ffc05b12000 	C:\WINDOWS\System32\MSASN1.dll
0x00007ffc05df0000 - 0x00007ffc05f39000 	C:\WINDOWS\System32\CRYPT32.dll
0x00007ffc052c0000 - 0x00007ffc05327000 	C:\WINDOWS\system32\mswsock.dll
0x00007ffbf6ac0000 - 0x00007ffbf6ada000 	D:\Program Files (x86)\Java\jdk1.8.0_201\jre\bin\net.dll
0x00007ffbf7f60000 - 0x00007ffbf8135000 	C:\WINDOWS\SYSTEM32\urlmon.dll
0x00007ffbf7760000 - 0x00007ffbf7a06000 	C:\WINDOWS\SYSTEM32\iertutil.dll
0x00007ffc05440000 - 0x00007ffc0544c000 	C:\WINDOWS\SYSTEM32\CRYPTBASE.DLL
0x00007ffbfe040000 - 0x00007ffbfe06f000 	C:\Program Files (x86)\Sangfor\SSL\ClientComponent\SangforNspX64.dll
0x00007ffc05020000 - 0x00007ffc050ea000 	C:\WINDOWS\SYSTEM32\DNSAPI.dll
0x00007ffc07a60000 - 0x00007ffc07a68000 	C:\WINDOWS\System32\NSI.dll
0x00007ffc04fe0000 - 0x00007ffc0501a000 	C:\WINDOWS\SYSTEM32\IPHLPAPI.DLL
0x00007ffbfe070000 - 0x00007ffbfe07a000 	C:\Windows\System32\rasadhlp.dll
0x00007ffbffb60000 - 0x00007ffbffbd7000 	C:\WINDOWS\System32\fwpuclnt.dll
0x00007ffc05dc0000 - 0x00007ffc05de6000 	C:\WINDOWS\System32\bcrypt.dll
0x00007ffbff160000 - 0x00007ffbff16d000 	D:\Program Files (x86)\Java\jdk1.8.0_201\jre\bin\management.dll
0x00007ffbf3930000 - 0x00007ffbf3941000 	D:\Program Files (x86)\Java\jdk1.8.0_201\jre\bin\nio.dll
0x00007ffc04e40000 - 0x00007ffc04e73000 	C:\WINDOWS\system32\rsaenh.dll
0x00007ffc05990000 - 0x00007ffc059b5000 	C:\WINDOWS\SYSTEM32\USERENV.dll
0x00007ffc002a0000 - 0x00007ffc002b6000 	C:\WINDOWS\SYSTEM32\dhcpcsvc6.DLL
0x00007ffc00280000 - 0x00007ffc0029c000 	C:\WINDOWS\SYSTEM32\dhcpcsvc.DLL
0x00007ffbf5e00000 - 0x00007ffbf5e16000 	C:\WINDOWS\system32\napinsp.dll
0x00007ffbf2790000 - 0x00007ffbf27aa000 	C:\WINDOWS\system32\pnrpnsp.dll
0x00007ffbf8ca0000 - 0x00007ffbf8cae000 	C:\WINDOWS\System32\winrnr.dll
0x00007ffc002e0000 - 0x00007ffc002fc000 	C:\WINDOWS\system32\NLAapi.dll
0x00007ffc01a00000 - 0x00007ffc01a15000 	C:\WINDOWS\system32\wshbth.dll

VM Arguments:
jvm_args: -agentlib:jdwp=transport=dt_socket,address=127.0.0.1:11490,suspend=y,server=n -XX:TieredStopAtLevel=1 -Xverify:none -Dspring.output.ansi.enabled=always -Dcom.sun.management.jmxremote -Dspring.liveBeansView.mbeanDomain -Dspring.application.admin.enabled=true -javaagent:C:\Users\lenovo\.IntelliJIdea2019.1\system\captureAgent\debugger-agent.jar -Dfile.encoding=UTF-8 
java_command: com.sxx.DemoApplication
java_class_path (initial): D:\Program Files (x86)\Java\jdk1.8.0_201\jre\lib\charsets.jar;D:\Program Files (x86)\Java\jdk1.8.0_201\jre\lib\deploy.jar;D:\Program Files (x86)\Java\jdk1.8.0_201\jre\lib\ext\access-bridge-64.jar;D:\Program Files (x86)\Java\jdk1.8.0_201\jre\lib\ext\cldrdata.jar;D:\Program Files (x86)\Java\jdk1.8.0_201\jre\lib\ext\dnsns.jar;D:\Program Files (x86)\Java\jdk1.8.0_201\jre\lib\ext\jaccess.jar;D:\Program Files (x86)\Java\jdk1.8.0_201\jre\lib\ext\jfxrt.jar;D:\Program Files (x86)\Java\jdk1.8.0_201\jre\lib\ext\localedata.jar;D:\Program Files (x86)\Java\jdk1.8.0_201\jre\lib\ext\nashorn.jar;D:\Program Files (x86)\Java\jdk1.8.0_201\jre\lib\ext\sunec.jar;D:\Program Files (x86)\Java\jdk1.8.0_201\jre\lib\ext\sunjce_provider.jar;D:\Program Files (x86)\Java\jdk1.8.0_201\jre\lib\ext\sunmscapi.jar;D:\Program Files (x86)\Java\jdk1.8.0_201\jre\lib\ext\sunpkcs11.jar;D:\Program Files (x86)\Java\jdk1.8.0_201\jre\lib\ext\zipfs.jar;D:\Program Files (x86)\Java\jdk1.8.0_201\jre\lib\javaws.jar;D:\Program Files (x86)\Java\jdk1.8.0_201\jre\lib\jce.jar;D:\Program Files (x86)\Java\jdk1.8.0_201\jre\lib\jfr.jar;D:\Program Files (x86)\Java\jdk1.8.0_201\jre\lib\jfxswt.jar;D:\Program Files (x86)\Java\jdk1.8.0_201\jre\lib\jsse.jar;D:\Program Files (x86)\Java\jdk1.8.0_201\jre\lib\management-agent.jar;D:\Program Files (x86)\Java\jdk1.8.0_201\jre\lib\plugin.jar;D:\Program Files (x86)\Java\jdk1.8.0_201\jre\lib\resources.jar;D:\Program Files (x86)\Java\jdk1.8.0_201\jre\lib\rt.jar;E:\IDEA_workspace\graduationProject\target\classes;D:\apache-maven-3.6.0\repository\org\springframework\boot\spring-boot-starter-data-redis\2.2.4.RELEASE\spring-boot-starter-data-redis-2.2.4.RELEASE.jar;D:\apache-maven-3.6.0\repository\org\springframework\boot\spring-boot-starter\2.2.4.RELEASE\spring-boot-starter-2.2.4.RELEASE.jar;D:\apache-maven-3.6.0\repository\org\springframework\boot\spring-boot-starter-logging\2.2.4.RELEASE\spring-boot-starter-logging-2.2.4.RELEASE.jar;D:\apache-maven-3.6.0\repository
Launcher Type: SUN_STANDARD

Environment Variables:
JAVA_HOME=D:\Program Files (x86)\Java\jdk1.8.0_201
CLASSPATH=.;D:\Program Files (x86)\Java\jdk1.8.0_201\lib;D:\Program Files (x86)\Java\jdk1.8.0_201\lib\tools.jar
PATH=C:\Program Files (x86)\Common Files\Oracle\Java\javapath;C:\Program Files (x86)\Intel\iCLS Client\;C:\Program Files\Intel\iCLS Client\;C:\Windows\system32;C:\Windows;C:\Windows\System32\Wbem;C:\Windows\System32\WindowsPowerShell\v1.0\;C:\Program Files (x86)\NVIDIA Corporation\PhysX\Common;C:\Program Files (x86)\Intel\Intel(R) Management Engine Components\DAL;C:\Program Files\Intel\Intel(R) Management Engine Components\DAL;C:\Program Files (x86)\Intel\Intel(R) Management Engine Components\IPT;C:\Program Files\Intel\Intel(R) Management Engine Components\IPT;D:\Program Files (x86)\Java\jdk1.8.0_201\bin;D:\Program Files (x86)\Java\jdk1.8.0_201\jre\bin;C:\Program Files\Intel\WiFi\bin\;C:\Program Files\Common Files\Intel\WirelessCommon\;C:\WINDOWS\system32;C:\WINDOWS;C:\WINDOWS\System32\Wbem;C:\WINDOWS\System32\WindowsPowerShell\v1.0\;C:\WINDOWS\System32\OpenSSH\;D:\developer_tools\tortoiseGit\bin;C:\Program Files\Git\cmd;D:\apache-maven-3.6.0\bin;C:\Program Files\MySQL\MySQL Server 8.0\bin;D:\nodejs\;D:\nodejs\node_global\;C:\Users\lenovo\AppData\Local\Microsoft\WindowsApps;D:\developer_tools\Microsoft VS Code\bin;C:\Users\lenovo\AppData\Local\Pandoc\;C:\Users\lenovo\AppData\Roaming\npm
USERNAME=lenovo
OS=Windows_NT
PROCESSOR_IDENTIFIER=Intel64 Family 6 Model 94 Stepping 3, GenuineIntel



---------------  S Y S T E M  ---------------

OS: Windows 10.0 , 64 bit Build 18362 (10.0.18362.778)

CPU:total 8 (initial active 8) (4 cores per cpu, 2 threads per core) family 6 model 94 stepping 3, cmov, cx8, fxsr, mmx, sse, sse2, sse3, ssse3, sse4.1, sse4.2, popcnt, avx, avx2, aes, clmul, erms, rtm, 3dnowpref, lzcnt, ht, tsc, tscinvbit, bmi1, bmi2, adx

Memory: 4k page, physical 8299300k(2255840k free), swap 14328612k(5048836k free)

vm_info: Java HotSpot(TM) 64-Bit Server VM (25.201-b09) for windows-amd64 JRE (1.8.0_201-b09), built on Dec 15 2018 18:36:39 by "java_re" with MS VC++ 10.0 (VS2010)

time: Thu Apr 23 17:31:08 2020
timezone: 中国标准时间
elapsed time: 1270 seconds (0d 0h 21m 10s)

